<?xml version="1.0" encoding="UTF-8"?>
<!-- Generated by org.testng.reporters.JUnitReportReporter -->
<testsuite hostname="DESKTOP-IBPU7GU" failures="0" tests="1" name="com.learnautomation.testcases.LoginTestCRM" time="5.553" errors="0" timestamp="2024-11-29T12:18:45 IST" skipped="0">
  <testcase classname="com.learnautomation.testcases.LoginTestCRM" name="loginApp" time="5.553">
    <system-out>
      <![CDATA[system login]]>
    </system-out>
  </testcase> <!-- loginApp -->
  <system-out>
    <![CDATA[Setting up Report and Test Started 
Setting Done Test can be Started 
Tring to start ad gettting appliaction ready 
Browser and application is up and running 
system login
Test is about to end
test completed >> Report Ganarated]]>
  </system-out>
</testsuite> <!-- com.learnautomation.testcases.LoginTestCRM -->
